2023-02-27 17:32:03 INFO  Log:11 - =====================================loginTest TEST START=========================================
2023-02-27 17:32:03 INFO  Log:22 - Enter UserName and Password
2023-02-27 17:32:03 INFO  Log:22 - user is going to click on Login
2023-02-27 17:32:04 INFO  Log:22 - Verifying if user is able to login
2023-02-27 17:32:04 INFO  Log:22 - Login is Success
2023-02-27 17:32:04 INFO  Log:15 - =====================================loginTest TEST END=========================================
2023-02-28 10:39:14 INFO  Log:11 - =====================================loginTest TEST START=========================================
2023-02-28 10:39:14 INFO  Log:22 - Enter UserName and Password
2023-02-28 10:39:14 INFO  Log:22 - user is going to click on Login
2023-02-28 10:39:16 INFO  Log:22 - Verifying if user is able to login
2023-02-28 10:39:16 INFO  Log:22 - Login is Success
2023-02-28 10:39:16 INFO  Log:15 - =====================================loginTest TEST END=========================================
2023-02-28 10:40:07 INFO  Log:11 - =====================================loginTest TEST START=========================================
2023-02-28 10:40:07 INFO  Log:22 - Enter UserName and Password
2023-02-28 10:40:07 INFO  Log:22 - user is going to click on Login
2023-02-28 10:40:08 INFO  Log:22 - Verifying if user is able to login
2023-02-28 10:40:08 INFO  Log:22 - Login is Success
2023-02-28 10:40:08 INFO  Log:15 - =====================================loginTest TEST END=========================================
2023-02-28 17:00:38 INFO  Log:11 - =====================================loginTest TEST START=========================================
2023-02-28 17:00:38 INFO  Log:22 - Enter UserName and Password
2023-02-28 17:00:38 INFO  Log:22 - user is going to click on Login
2023-02-28 17:00:39 INFO  Log:22 - Login is Success
2023-02-28 17:00:39 INFO  Log:15 - =====================================loginTest TEST END=========================================
2023-02-28 17:00:39 INFO  Log:11 - =====================================addtocart TEST START=========================================
2023-02-28 17:00:39 INFO  Log:22 - addtocart is Success
2023-02-28 17:00:39 INFO  Log:15 - =====================================addtocart TEST END=========================================
2023-02-28 17:00:39 INFO  Log:11 - =====================================CH_1 TEST START=========================================
2023-02-28 17:00:41 INFO  Log:22 - CH_1 is Success
2023-02-28 17:00:41 INFO  Log:15 - =====================================CH_1 TEST END=========================================
2023-02-28 17:18:55 INFO  Log:11 - =====================================loginTest TEST START=========================================
2023-02-28 17:18:55 INFO  Log:22 - Enter UserName and Password
2023-02-28 17:18:55 INFO  Log:22 - user is going to click on Login
2023-02-28 17:18:56 INFO  Log:22 - Login is Success
2023-02-28 17:18:56 INFO  Log:15 - =====================================loginTest TEST END=========================================
2023-02-28 17:18:56 INFO  Log:11 - =====================================addtocart TEST START=========================================
2023-02-28 17:18:56 INFO  Log:22 - addtocart is Success
2023-02-28 17:18:56 INFO  Log:15 - =====================================addtocart TEST END=========================================
2023-02-28 17:18:56 INFO  Log:11 - =====================================CH_1 TEST START=========================================
2023-02-28 17:18:58 INFO  Log:22 - CH_1 is Success
2023-02-28 17:18:58 INFO  Log:15 - =====================================CH_1 TEST END=========================================
2023-02-28 17:24:23 INFO  Log:11 - =====================================loginTest TEST START=========================================
2023-02-28 17:24:23 INFO  Log:22 - Enter UserName and Password
2023-02-28 17:24:23 INFO  Log:22 - user is going to click on Login
2023-02-28 17:24:24 INFO  Log:22 - Verifying if user is able to login
2023-02-28 17:24:24 INFO  Log:22 - Login is Success
2023-02-28 17:24:24 INFO  Log:15 - =====================================loginTest TEST END=========================================
2023-02-28 17:31:58 INFO  Log:11 - =====================================loginTest TEST START=========================================
2023-02-28 17:31:58 INFO  Log:22 - Enter UserName and Password
2023-02-28 17:31:58 INFO  Log:22 - user is going to click on Login
2023-02-28 17:31:59 INFO  Log:22 - Login is Success
2023-02-28 17:31:59 INFO  Log:15 - =====================================loginTest TEST END=========================================
2023-02-28 17:31:59 INFO  Log:11 - =====================================addtocart TEST START=========================================
2023-02-28 17:32:00 INFO  Log:22 - addtocart is Success
2023-02-28 17:32:00 INFO  Log:15 - =====================================addtocart TEST END=========================================
2023-02-28 17:32:00 INFO  Log:11 - =====================================CH_1 TEST START=========================================
2023-02-28 17:32:02 INFO  Log:22 - CH_1 is Success
2023-02-28 17:32:02 INFO  Log:15 - =====================================CH_1 TEST END=========================================
2023-02-28 17:32:39 INFO  Log:11 - =====================================loginTest TEST START=========================================
2023-02-28 17:32:39 INFO  Log:22 - Enter UserName and Password
2023-02-28 17:32:39 INFO  Log:22 - user is going to click on Login
2023-02-28 17:32:40 INFO  Log:22 - Login is Success
2023-02-28 17:32:40 INFO  Log:15 - =====================================loginTest TEST END=========================================
2023-02-28 17:32:40 INFO  Log:11 - =====================================addtocart TEST START=========================================
2023-02-28 17:32:41 INFO  Log:22 - addtocart is Success
2023-02-28 17:32:41 INFO  Log:15 - =====================================addtocart TEST END=========================================
2023-02-28 17:32:41 INFO  Log:11 - =====================================CH_1 TEST START=========================================
2023-02-28 17:32:43 INFO  Log:22 - CH_1 is Success
2023-02-28 17:32:43 INFO  Log:15 - =====================================CH_1 TEST END=========================================
2023-02-28 17:34:14 INFO  Log:11 - =====================================loginTest TEST START=========================================
2023-02-28 17:34:14 INFO  Log:22 - Enter UserName and Password
2023-02-28 17:34:14 INFO  Log:22 - user is going to click on Login
2023-02-28 17:34:15 INFO  Log:22 - Verifying if user is able to login
2023-02-28 17:34:15 INFO  Log:22 - Login is Success
2023-02-28 17:34:15 INFO  Log:15 - =====================================loginTest TEST END=========================================
2023-02-28 17:52:08 INFO  Log:11 - =====================================loginTest TEST START=========================================
2023-02-28 17:52:08 INFO  Log:22 - Enter UserName and Password
2023-02-28 17:52:08 INFO  Log:22 - user is going to click on Login
2023-02-28 17:52:09 INFO  Log:22 - Login is Success
2023-02-28 17:52:09 INFO  Log:15 - =====================================loginTest TEST END=========================================
2023-02-28 17:52:09 INFO  Log:11 - =====================================addtocart TEST START=========================================
2023-02-28 17:52:10 INFO  Log:22 - addtocart is Success
2023-02-28 17:52:10 INFO  Log:15 - =====================================addtocart TEST END=========================================
2023-02-28 17:52:10 INFO  Log:11 - =====================================CH_1 TEST START=========================================
2023-02-28 17:52:11 INFO  Log:22 - CH_1 is Success
2023-02-28 17:52:11 INFO  Log:15 - =====================================CH_1 TEST END=========================================
2023-02-28 17:53:52 INFO  Log:11 - =====================================loginTest TEST START=========================================
2023-02-28 17:53:52 INFO  Log:22 - Enter UserName and Password
2023-02-28 17:53:52 INFO  Log:22 - user is going to click on Login
2023-02-28 17:53:53 INFO  Log:22 - Verifying if user is able to login
2023-02-28 17:53:53 INFO  Log:22 - Login is Success
2023-02-28 17:53:53 INFO  Log:15 - =====================================loginTest TEST END=========================================
2023-02-28 17:54:23 INFO  Log:11 - =====================================loginTest TEST START=========================================
2023-02-28 17:54:23 INFO  Log:22 - Enter UserName and Password
2023-02-28 17:54:23 INFO  Log:22 - user is going to click on Login
2023-02-28 17:54:24 INFO  Log:22 - Login is Success
2023-02-28 17:54:24 INFO  Log:15 - =====================================loginTest TEST END=========================================
2023-02-28 17:54:24 INFO  Log:11 - =====================================addtocart TEST START=========================================
2023-02-28 17:54:24 INFO  Log:22 - addtocart is Success
2023-02-28 17:54:24 INFO  Log:15 - =====================================addtocart TEST END=========================================
2023-02-28 17:54:24 INFO  Log:11 - =====================================CH_1 TEST START=========================================
2023-02-28 17:54:26 INFO  Log:22 - CH_1 is Success
2023-02-28 17:54:26 INFO  Log:15 - =====================================CH_1 TEST END=========================================
2023-02-28 17:55:22 INFO  Log:11 - =====================================loginTest TEST START=========================================
2023-02-28 17:55:22 INFO  Log:22 - Enter UserName and Password
2023-02-28 17:55:22 INFO  Log:22 - user is going to click on Login
2023-02-28 17:55:22 INFO  Log:22 - Verifying if user is able to login
2023-02-28 17:55:22 INFO  Log:22 - Login is Success
2023-02-28 17:55:22 INFO  Log:15 - =====================================loginTest TEST END=========================================
2023-03-01 10:58:06 INFO  Log:11 - =====================================loginTest TEST START=========================================
2023-03-01 10:58:06 INFO  Log:22 - Enter UserName and Password
2023-03-01 10:58:06 INFO  Log:22 - user is going to click on Login
2023-03-01 10:58:08 INFO  Log:22 - Login is Success
2023-03-01 10:58:08 INFO  Log:15 - =====================================loginTest TEST END=========================================
2023-03-01 10:58:08 INFO  Log:11 - =====================================addtocart TEST START=========================================
2023-03-01 10:58:09 INFO  Log:22 - addtocart is Success
2023-03-01 10:58:09 INFO  Log:15 - =====================================addtocart TEST END=========================================
2023-03-01 10:58:09 INFO  Log:11 - =====================================CH_1 TEST START=========================================
2023-03-01 10:58:11 INFO  Log:22 - CH_1 is Success
2023-03-01 10:58:11 INFO  Log:15 - =====================================CH_1 TEST END=========================================
2023-03-01 11:23:14 INFO  Log:11 - =====================================loginTest TEST START=========================================
2023-03-01 11:23:14 INFO  Log:22 - Enter UserName and Password
2023-03-01 11:23:14 INFO  Log:22 - user is going to click on Login
2023-03-01 11:23:15 INFO  Log:22 - Login is Success
2023-03-01 11:23:15 INFO  Log:15 - =====================================loginTest TEST END=========================================
2023-03-01 11:23:15 INFO  Log:11 - =====================================addtocart TEST START=========================================
2023-03-01 11:23:15 INFO  Log:22 - addtocart is Success
2023-03-01 11:23:15 INFO  Log:15 - =====================================addtocart TEST END=========================================
2023-03-01 11:23:15 INFO  Log:11 - =====================================CH_1 TEST START=========================================
2023-03-01 11:23:17 INFO  Log:22 - CH_1 is Success
2023-03-01 11:23:17 INFO  Log:15 - =====================================CH_1 TEST END=========================================
2023-03-01 11:35:48 INFO  Log:11 - =====================================loginTest TEST START=========================================
2023-03-01 11:35:48 INFO  Log:22 - Enter UserName and Password
2023-03-01 11:35:48 INFO  Log:22 - user is going to click on Login
2023-03-01 11:35:49 INFO  Log:22 - Login is Success
2023-03-01 11:35:49 INFO  Log:15 - =====================================loginTest TEST END=========================================
2023-03-01 11:35:49 INFO  Log:11 - =====================================addtocart TEST START=========================================
2023-03-01 11:35:49 INFO  Log:22 - addtocart is Success
2023-03-01 11:35:49 INFO  Log:15 - =====================================addtocart TEST END=========================================
2023-03-01 11:35:49 INFO  Log:11 - =====================================CH_1 TEST START=========================================
2023-03-01 11:35:51 INFO  Log:22 - CH_1 is Success
2023-03-01 11:35:51 INFO  Log:15 - =====================================CH_1 TEST END=========================================
2023-03-03 11:46:55 INFO  Log:11 - =====================================loginTest TEST START=========================================
2023-03-03 11:46:55 INFO  Log:22 - Enter UserName and Password
2023-03-03 11:46:55 INFO  Log:22 - user is going to click on Login
2023-03-03 11:46:57 INFO  Log:22 - Login is Success
2023-03-03 11:46:57 INFO  Log:15 - =====================================loginTest TEST END=========================================
2023-03-03 11:46:57 INFO  Log:11 - =====================================addtocart TEST START=========================================
2023-03-03 11:46:58 INFO  Log:22 - addtocart is Success
2023-03-03 11:46:58 INFO  Log:15 - =====================================addtocart TEST END=========================================
2023-03-03 11:46:58 INFO  Log:11 - =====================================CH_1 TEST START=========================================
2023-03-03 11:47:03 INFO  Log:22 - CH_1 is Success
2023-03-03 11:47:03 INFO  Log:15 - =====================================CH_1 TEST END=========================================
2023-03-03 11:51:02 INFO  Log:11 - =====================================loginTest TEST START=========================================
2023-03-03 11:51:02 INFO  Log:22 - Enter UserName and Password
2023-03-03 11:51:02 INFO  Log:22 - user is going to click on Login
2023-03-03 11:51:03 INFO  Log:22 - Login is Success
2023-03-03 11:51:03 INFO  Log:15 - =====================================loginTest TEST END=========================================
2023-03-03 11:51:03 INFO  Log:11 - =====================================addtocart TEST START=========================================
2023-03-03 11:51:04 INFO  Log:22 - addtocart is Success
2023-03-03 11:51:04 INFO  Log:15 - =====================================addtocart TEST END=========================================
2023-03-03 11:51:04 INFO  Log:11 - =====================================CH_1 TEST START=========================================
2023-03-03 11:51:05 INFO  Log:22 - CH_1 is Success
2023-03-03 11:51:05 INFO  Log:15 - =====================================CH_1 TEST END=========================================
2023-03-03 16:43:20 INFO  Log:11 - =====================================loginTest TEST START=========================================
2023-03-03 16:43:20 INFO  Log:22 - Enter UserName and Password
2023-03-03 16:43:20 INFO  Log:22 - user is going to click on Login
2023-03-03 16:43:21 INFO  Log:22 - Login is Success
2023-03-03 16:43:21 INFO  Log:15 - =====================================loginTest TEST END=========================================
2023-03-03 16:43:21 INFO  Log:11 - =====================================addtocart TEST START=========================================
2023-03-03 16:43:21 INFO  Log:22 - addtocart is Success
2023-03-03 16:43:21 INFO  Log:15 - =====================================addtocart TEST END=========================================
2023-03-03 16:43:21 INFO  Log:11 - =====================================CH_1 TEST START=========================================
2023-03-03 16:43:23 INFO  Log:22 - CH_1 is Success
2023-03-03 16:43:23 INFO  Log:15 - =====================================CH_1 TEST END=========================================
2023-03-04 18:06:28 INFO  Log:11 - =====================================loginTest TEST START=========================================
2023-03-04 18:06:28 INFO  Log:22 - Enter UserName and Password
2023-03-04 18:06:28 INFO  Log:22 - user is going to click on Login
2023-03-07 11:04:41 INFO  Log:11 - =====================================loginTest TEST START=========================================
2023-03-07 11:04:41 INFO  Log:22 - Enter UserName and Password
2023-03-07 11:04:41 INFO  Log:22 - user is going to click on Login
2023-03-07 11:13:05 INFO  Log:11 - =====================================loginTest TEST START=========================================
2023-03-07 11:13:05 INFO  Log:22 - Enter UserName and Password
2023-03-07 11:13:05 INFO  Log:22 - user is going to click on Login
2023-03-07 11:13:06 INFO  Log:22 - Login is Success
2023-03-07 11:13:06 INFO  Log:15 - =====================================loginTest TEST END=========================================
2023-03-07 11:13:06 INFO  Log:11 - =====================================addtocart TEST START=========================================
2023-03-07 11:13:07 INFO  Log:22 - addtocart is Success
2023-03-07 11:13:07 INFO  Log:15 - =====================================addtocart TEST END=========================================
2023-03-07 11:13:07 INFO  Log:11 - =====================================CH_1 TEST START=========================================
2023-03-07 11:13:09 INFO  Log:22 - CH_1 is Success
2023-03-07 11:13:09 INFO  Log:15 - =====================================CH_1 TEST END=========================================
2023-03-07 17:12:14 INFO  Log:11 - =====================================loginTest TEST START=========================================
2023-03-07 17:12:14 INFO  Log:22 - Enter UserName and Password
2023-03-07 17:12:14 INFO  Log:22 - user is going to click on Login
2023-03-07 17:12:16 INFO  Log:22 - Verifying if user is able to login
2023-03-07 17:12:16 INFO  Log:22 - Login is Success
2023-03-07 17:12:16 INFO  Log:15 - =====================================loginTest TEST END=========================================
2023-03-07 17:15:07 INFO  Log:11 - =====================================loginTest TEST START=========================================
2023-03-07 17:15:07 INFO  Log:22 - Enter UserName and Password
2023-03-07 17:15:07 INFO  Log:22 - user is going to click on Login
2023-03-07 17:15:09 INFO  Log:22 - Verifying if user is able to login
2023-03-07 17:15:09 INFO  Log:22 - Login is Success
2023-03-07 17:15:09 INFO  Log:15 - =====================================loginTest TEST END=========================================
2023-03-07 17:19:37 INFO  Log:11 - =====================================loginTest TEST START=========================================
2023-03-07 17:19:37 INFO  Log:22 - Enter UserName and Password
2023-03-07 17:19:37 INFO  Log:22 - user is going to click on Login
2023-03-07 17:19:43 INFO  Log:22 - Verifying if user is able to login
2023-03-07 17:19:43 INFO  Log:22 - Login is Success
2023-03-07 17:19:43 INFO  Log:15 - =====================================loginTest TEST END=========================================
2023-03-07 17:26:18 INFO  Log:11 - =====================================loginTest TEST START=========================================
2023-03-07 17:26:18 INFO  Log:22 - Enter UserName and Password
2023-03-07 17:26:18 INFO  Log:22 - user is going to click on Login
2023-03-07 17:26:21 INFO  Log:22 - Verifying if user is able to login
2023-03-07 17:26:21 INFO  Log:22 - Login is Success
2023-03-07 17:26:21 INFO  Log:15 - =====================================loginTest TEST END=========================================
2023-03-07 17:44:56 INFO  Log:11 - =====================================loginTest TEST START=========================================
2023-03-07 17:44:56 INFO  Log:22 - Enter UserName and Password
2023-03-07 17:44:56 INFO  Log:22 - user is going to click on Login
2023-03-07 17:44:57 INFO  Log:22 - Verifying if user is able to login
2023-03-07 17:44:57 INFO  Log:22 - Login is Success
2023-03-07 17:44:57 INFO  Log:15 - =====================================loginTest TEST END=========================================
2023-08-15 17:01:17 INFO  Log:11 - =====================================loginTest TEST START=========================================
2023-08-15 17:01:17 INFO  Log:22 - Enter UserName and Password
2023-08-15 17:01:17 INFO  Log:22 - user is going to click on Login
2023-08-15 17:01:18 INFO  Log:22 - Login is Success
2023-08-15 17:01:18 INFO  Log:15 - =====================================loginTest TEST END=========================================
2023-08-15 17:01:18 INFO  Log:11 - =====================================addtocart TEST START=========================================
2023-08-15 17:01:19 INFO  Log:22 - addtocart is Success
2023-08-15 17:01:19 INFO  Log:15 - =====================================addtocart TEST END=========================================
2023-08-15 17:01:19 INFO  Log:11 - =====================================CH_1 TEST START=========================================
2023-08-15 17:01:21 INFO  Log:22 - CH_1 is Success
2023-08-15 17:01:21 INFO  Log:15 - =====================================CH_1 TEST END=========================================
2023-08-15 17:29:21 INFO  Log:11 - =====================================loginTest TEST START=========================================
2023-08-15 17:29:21 INFO  Log:22 - Enter UserName and Password
2023-08-15 17:29:21 INFO  Log:22 - user is going to click on Login
2023-08-15 17:29:22 INFO  Log:22 - Verifying if user is able to login
2023-08-15 17:29:22 INFO  Log:22 - Login is Success
2023-08-15 17:29:22 INFO  Log:15 - =====================================loginTest TEST END=========================================
2023-08-15 17:37:18 INFO  Log:11 - =====================================loginTest TEST START=========================================
2023-08-15 17:37:18 INFO  Log:22 - Enter UserName and Password
2023-08-15 17:37:18 INFO  Log:22 - user is going to click on Login
2023-08-15 17:37:20 INFO  Log:22 - Login is Success
2023-08-15 17:37:20 INFO  Log:15 - =====================================loginTest TEST END=========================================
2023-08-15 17:37:20 INFO  Log:11 - =====================================addtocart TEST START=========================================
2023-08-15 17:37:20 INFO  Log:22 - addtocart is Success
2023-08-15 17:37:20 INFO  Log:15 - =====================================addtocart TEST END=========================================
2023-08-15 17:37:20 INFO  Log:11 - =====================================CH_1 TEST START=========================================
2023-08-15 17:37:22 INFO  Log:22 - CH_1 is Success
2023-08-15 17:37:22 INFO  Log:15 - =====================================CH_1 TEST END=========================================
2023-08-15 17:40:30 INFO  Log:11 - =====================================loginTest TEST START=========================================
2023-08-15 17:40:30 INFO  Log:22 - Enter UserName and Password
2023-08-15 17:40:30 INFO  Log:22 - user is going to click on Login
2023-08-15 17:40:31 INFO  Log:22 - Verifying if user is able to login
2023-08-15 17:40:31 INFO  Log:22 - Login is Success
2023-08-15 17:40:31 INFO  Log:15 - =====================================loginTest TEST END=========================================
2023-08-16 19:21:47 INFO  Log:11 - =====================================loginTest TEST START=========================================
2023-08-16 19:21:47 INFO  Log:22 - Enter UserName and Password
2023-08-16 19:21:47 INFO  Log:22 - user is going to click on Login
2023-08-16 19:21:49 INFO  Log:22 - Login is Success
2023-08-16 19:21:49 INFO  Log:15 - =====================================loginTest TEST END=========================================
2023-08-16 19:21:49 INFO  Log:11 - =====================================addtocart TEST START=========================================
2023-08-16 19:21:50 INFO  Log:22 - addtocart is Success
2023-08-16 19:21:50 INFO  Log:15 - =====================================addtocart TEST END=========================================
2023-08-16 19:21:50 INFO  Log:11 - =====================================CH_1 TEST START=========================================
2023-08-16 19:21:52 INFO  Log:22 - CH_1 is Success
2023-08-16 19:21:52 INFO  Log:15 - =====================================CH_1 TEST END=========================================
2023-08-16 19:23:06 INFO  Log:11 - =====================================loginTest TEST START=========================================
2023-08-16 19:23:06 INFO  Log:22 - Enter UserName and Password
2023-08-16 19:23:06 INFO  Log:22 - user is going to click on Login
2023-08-16 19:23:07 INFO  Log:22 - Verifying if user is able to login
2023-08-16 19:23:07 INFO  Log:22 - Login is Success
2023-08-16 19:23:07 INFO  Log:15 - =====================================loginTest TEST END=========================================
2023-08-16 19:24:23 INFO  Log:11 - =====================================loginTest TEST START=========================================
2023-08-16 19:24:23 INFO  Log:22 - Enter UserName and Password
2023-08-16 19:24:23 INFO  Log:22 - user is going to click on Login
2023-08-16 19:24:24 INFO  Log:22 - Verifying if user is able to login
2023-08-16 19:24:24 INFO  Log:22 - Login is Success
2023-08-16 19:24:24 INFO  Log:15 - =====================================loginTest TEST END=========================================
2023-08-16 19:25:00 INFO  Log:11 - =====================================loginTest TEST START=========================================
2023-08-16 19:25:00 INFO  Log:22 - Enter UserName and Password
2023-08-16 19:25:00 INFO  Log:22 - user is going to click on Login
2023-08-16 19:25:01 INFO  Log:22 - Login is Success
2023-08-16 19:25:01 INFO  Log:15 - =====================================loginTest TEST END=========================================
2023-08-16 19:25:01 INFO  Log:11 - =====================================addtocart TEST START=========================================
2023-08-16 19:25:02 INFO  Log:22 - addtocart is Success
2023-08-16 19:25:02 INFO  Log:15 - =====================================addtocart TEST END=========================================
2023-08-16 19:25:02 INFO  Log:11 - =====================================CH_1 TEST START=========================================
2023-08-16 19:25:04 INFO  Log:22 - CH_1 is Success
2023-08-16 19:25:04 INFO  Log:15 - =====================================CH_1 TEST END=========================================
2023-08-16 19:26:38 INFO  Log:11 - =====================================loginTest TEST START=========================================
2023-08-16 19:26:38 INFO  Log:22 - Enter UserName and Password
2023-08-16 19:26:38 INFO  Log:22 - user is going to click on Login
2023-08-16 19:26:39 INFO  Log:22 - Verifying if user is able to login
2023-08-16 19:26:39 INFO  Log:22 - Login is Success
2023-08-16 19:26:39 INFO  Log:15 - =====================================loginTest TEST END=========================================
